#
# A fatal error has been detected by the Java Runtime Environment:
#
#  SIGSEGV (0xb) at pc=0x0000000000000000, pid=96033, tid=56327
#
# JRE version: Java(TM) SE Runtime Environment (8.0_40-b27) (build 1.8.0_40-b27)
# Java VM: Java HotSpot(TM) 64-Bit Server VM (25.40-b25 mixed mode bsd-amd64 compressed oops)
# Problematic frame:
# C  0x0000000000000000
#
# Failed to write core dump. Core dumps have been disabled. To enable core dumping, try "ulimit -c unlimited" before starting Java again
#
# If you would like to submit a bug report, please visit:
#   http://bugreport.java.com/bugreport/crash.jsp
#

---------------  T H R E A D  ---------------

Current thread is native thread

siginfo: si_signo: 11 (SIGSEGV), si_code: 1 (SEGV_MAPERR), si_addr: 0x0000000000000000

Registers:
RAX=0x00000001e9e50508, RBX=0x00000000000161b0, RCX=0x0000000000000000, RDX=0x0000000000000200
RSP=0x00000001ea0c1a48, RBP=0x00000001ea0c1af0, RSI=0x0000000000000000, RDI=0x00007ff04d84da00
R8 =0x0000000000000200, R9 =0x00007ff04c03c620, R10=0x00000001e9e6e474, R11=0x00007ff04d861bb0
R12=0x00007ff04c03d460, R13=0x00007ff04d84da00, R14=0x00007ff04c03db50, R15=0x0000000000000800
RIP=0x0000000000000000, EFLAGS=0x0000000000010246, ERR=0x0000000000000014
  TRAPNO=0x000000000000000e

Top of Stack: (sp=0x00000001ea0c1a48)
0x00000001ea0c1a48:   00000001e9e22639 00000000002cf343
0x00000001ea0c1a58:   000020604c24ef01 00007ff04d855bb0
0x00000001ea0c1a68:   00000001e852a010 00007ff04d853bb0
0x00000001ea0c1a78:   00000200ea0c1b50 00000001ea0c1aa0
0x00000001ea0c1a88:   0000000000000800 0000000000000200
0x00000001ea0c1a98:   00007ff04d851bb0 00007ff04d84da00
0x00000001ea0c1aa8:   0000020000000000 00000001e9fc9e30
0x00000001ea0c1ab8:   00007ff00000037f 572211474aa6d9a3
0x00000001ea0c1ac8:   00007ff04c03c620 00007ff04c03d460
0x00000001ea0c1ad8:   0000000000000200 00007ff04c03db50
0x00000001ea0c1ae8:   00000001ea0c1cb8 00000001ea0c1b00
0x00000001ea0c1af8:   00000001e9e322ef 00000001ea0c1b70
0x00000001ea0c1b08:   00000001e9e6b843 00007ff04c8557e0
0x00000001ea0c1b18:   00007ff04c855600 00007ff04c03dbe0
0x00000001ea0c1b28:   00000000e9e6d15e 00000001ea0c1cc0
0x00000001ea0c1b38:   00000001ea0c1cb8 0000020000000000
0x00000001ea0c1b48:   00007ff04c03ddd0 00000001ea0c1cb8
0x00000001ea0c1b58:   00007ff04c855600 00007ff04c453920
0x00000001ea0c1b68:   0000000000000200 00000001ea0c1bc0
0x00000001ea0c1b78:   00000001e9e69451 00007ff04c8557f8
0x00000001ea0c1b88:   00000001ea0c1cc0 000000004c855814
0x00000001ea0c1b98:   00007ff04c855600 00007ff04c03ddd0
0x00000001ea0c1ba8:   0000000000000200 00000000ffffffce
0x00000001ea0c1bb8:   00007ff04c453920 00000001ea0c1c40
0x00000001ea0c1bc8:   00000001e9e67b9d 00007ff04c453920
0x00000001ea0c1bd8:   00007fff8226b028 00001fa0ea0c1c20
0x00000001ea0c1be8:   00000001ea0c1cb8 00007ff04c855600
0x00000001ea0c1bf8:   00000001ea0c1cc0 000000004c8557e0
0x00000001ea0c1c08:   00001fa0eb74bb0e 40e5888000009fe0
0x00000001ea0c1c18:   0000000000000000 00007ff04c453920
0x00000001ea0c1c28:   00007ff04c855600 0000000000000000
0x00000001ea0c1c38:   00000001e85280e0 00000001ea0c1d30 

Instructions: (pc=0x0000000000000000)
0xffffffffffffffe0:   

Register to memory mapping:

RAX=0x00000001e9e50508: PlaybackBackend+0x20 in /var/folders/vp/9_5ht09132d37zh2ddryxndc0000gq/T/libgdxcsstudent/f7649394/openal.dylib at 0x00000001e9e07000
RBX=0x00000000000161b0 is an unknown value
RCX=0x0000000000000000 is an unknown value
RDX=0x0000000000000200 is an unknown value
RSP=0x00000001ea0c1a48 is an unknown value
RBP=0x00000001ea0c1af0 is an unknown value
RSI=0x0000000000000000 is an unknown value
RDI=0x00007ff04d84da00 is an unknown value
R8 =0x0000000000000200 is an unknown value
R9 =0x00007ff04c03c620 is an unknown value
R10=0x00000001e9e6e474: _ZN5AUHAL8AUIOProcEjPK14AudioTimeStampPK15AudioBufferListS2_PS3_S2_Pv+0 in /System/Library/Components/CoreAudio.component/Contents/MacOS/CoreAudio at 0x00000001e9e63000
R11=0x00007ff04d861bb0 is an unknown value
R12=0x00007ff04c03d460 is an unknown value
R13=0x00007ff04d84da00 is an unknown value
R14=0x00007ff04c03db50 is an unknown value
R15=0x0000000000000800 is an unknown value


Stack: [0x00000001ea042000,0x00000001ea0c2000],  sp=0x00000001ea0c1a48,  free space=510k

---------------  P R O C E S S  ---------------

VM state:at safepoint (shutting down)

VM Mutex/Monitor currently owned by a thread:  ([mutex/lock_event])
[0x00007ff04c202700] Threads_lock - owner thread: 0x00007ff04d018000

Heap:
 PSYoungGen      total 38400K, used 19640K [0x0000000174180000, 0x0000000176c00000, 0x000000019ec00000)
  eden space 33280K, 59% used [0x0000000174180000,0x00000001754ae1a0,0x0000000176200000)
  from space 5120K, 0% used [0x0000000176700000,0x0000000176700000,0x0000000176c00000)
  to   space 5120K, 0% used [0x0000000176200000,0x0000000176200000,0x0000000176700000)
 ParOldGen       total 87552K, used 0K [0x000000011ec00000, 0x0000000124180000, 0x0000000174180000)
  object space 87552K, 0% used [0x000000011ec00000,0x000000011ec00000,0x0000000124180000)
 Metaspace       used 8000K, capacity 8207K, committed 8320K, reserved 1056768K
  class space    used 795K, capacity 854K, committed 896K, reserved 1048576K

Card table byte_map: [0x000000019ec00000,0x000000019f001000] byte_map_base: 0x000000019e30a000

Marking Bits: (ParMarkBitMap*) 0x000000010ebe17a0
 Begin Bits: [0x000000019f5b5000, 0x00000001a15b5000)
 End Bits:   [0x00000001a15b5000, 0x00000001a35b5000)

Polling page: 0x000000010f3ce000

CodeCache: size=245760Kb used=2595Kb max_used=2600Kb free=243164Kb
 bounds [0x000000010f464000, 0x000000010f6f4000, 0x000000011e464000]
 total_blobs=1123 nmethods=680 adapters=357
 compilation: enabled

Compilation events (10 events):
Event: 4.814 Thread 0x00007ff04b832000 nmethod 675% 0x000000010f6ecf10 code [0x000000010f6ed1e0, 0x000000010f6ee2c8]
Event: 4.814 Thread 0x00007ff04c84f000 nmethod 676 0x000000010f6e49d0 code [0x000000010f6e4b20, 0x000000010f6e4c18]
Event: 4.814 Thread 0x00007ff04d024000  677 %     4       com.haxlabs.maxhax.screens.GameScreen::<init> @ 104 (136 bytes)
Event: 4.816 Thread 0x00007ff04d024000 nmethod 677% 0x000000010f6e7910 code [0x000000010f6e7a60, 0x000000010f6e7bd8]
Event: 5.695 Thread 0x00007ff04b832000  678       3       java.nio.HeapByteBuffer::putInt (20 bytes)
Event: 5.695 Thread 0x00007ff04b832000 